[debug] [2021-04-19T08:03:36.082Z] ----------------------------------------------------------------------
[debug] [2021-04-19T08:03:36.100Z] Command:       C:\Program Files\nodejs\node.exe C:\Users\User\AppData\Roaming\npm\node_modules\firebase-tools\lib\bin\firebase.js deploy
[debug] [2021-04-19T08:03:36.102Z] CLI Version:   9.10.0
[debug] [2021-04-19T08:03:36.102Z] Platform:      win32
[debug] [2021-04-19T08:03:36.103Z] Node Version:  v14.15.3
[debug] [2021-04-19T08:03:36.165Z] Time:          Mon Apr 19 2021 04:03:36 GMT-0400 (Eastern Daylight Time)
[debug] [2021-04-19T08:03:36.166Z] ----------------------------------------------------------------------
[debug] 
[debug] [2021-04-19T08:03:36.232Z] > command requires scopes: ["email","openid","https://www.googleapis.com/auth/cloudplatformprojects.readonly","https://www.googleapis.com/auth/firebase","https://www.googleapis.com/auth/cloud-platform"]
[debug] [2021-04-19T08:03:36.233Z] > authorizing via signed-in user (abdulaziz017093@gmail.com)
[debug] [2021-04-19T08:03:36.233Z] [iam] checking project car-care-68c20 for permissions ["firebase.projects.get","firebasehosting.sites.update"]
[debug] [2021-04-19T08:03:36.243Z] > refreshing access token with scopes: ["email","https://www.googleapis.com/auth/cloud-platform","https://www.googleapis.com/auth/cloudplatformprojects.readonly","https://www.googleapis.com/auth/firebase","openid"]
[debug] [2021-04-19T08:03:36.244Z] >>> HTTP REQUEST POST https://www.googleapis.com/oauth2/v3/token  
 <request body omitted>
[debug] [2021-04-19T08:03:48.163Z] [iam] error while checking permissions, command may fail: FirebaseError: Authentication Error: Your credentials are no longer valid. Please run firebase login --reauth

For CI servers and headless environments, generate a new token with firebase login:ci
[debug] [2021-04-19T08:03:48.170Z] >>> [apiv2][query] GET https://firebase.googleapis.com/v1beta1/projects/car-care-68c20 [none]
[debug] [2021-04-19T08:04:00.322Z] Failed to make request to https://firebase.googleapis.com/v1beta1/projects/car-care-68c20
[debug] [2021-04-19T08:04:14.546Z] FirebaseError: Failed to make request to https://firebase.googleapis.com/v1beta1/projects/car-care-68c20
    at Client.doRequest (C:\Users\User\AppData\Roaming\npm\node_modules\firebase-tools\lib\apiv2.js:211:19)
    at processTicksAndRejections (internal/process/task_queues.js:93:5)
    at async Client.request (C:\Users\User\AppData\Roaming\npm\node_modules\firebase-tools\lib\apiv2.js:96:20)
    at async Object.getFirebaseProject (C:\Users\User\AppData\Roaming\npm\node_modules\firebase-tools\lib\management\projects.js:290:21)
    at async Object.getDefaultHostingSite (C:\Users\User\AppData\Roaming\npm\node_modules\firebase-tools\lib\getDefaultHostingSite.js:8:21)
    at async requireHostingSite (C:\Users\User\AppData\Roaming\npm\node_modules\firebase-tools\lib\requireHostingSite.js:9:18)
    at async Object.fn (C:\Users\User\AppData\Roaming\npm\node_modules\firebase-tools\lib\commands\deploy.js:66:9)
    at async C:\Users\User\AppData\Roaming\npm\node_modules\firebase-tools\lib\command.js:169:17
[error] 
[error] Error: Failed to get Firebase project car-care-68c20. Please make sure the project exists and your account has permission to access it.
